ISim log file
Running: E:\ISEproject\P4CPU3\test3_isim_beh.exe -intstyle ise -gui -tclbatch isim.cmd -wdb E:/ISEproject/P4CPU3/test3_isim_beh.wdb 
ISim P.20131013 (signature 0x7708f090)
----------------------------------------------------------------------
WARNING:Security:42 - Your software subscription period has lapsed. Your current version of Xilinx tools will continue to function, but you no longer qualify for Xilinx software updates or new releases.


----------------------------------------------------------------------
This is a Full version of ISim.
Time resolution is 1 ps
# onerror resume
# wave add /
# run 1000 ns
Simulator is doing circuit initialization process.
Finished circuit initialization process.
@00003000: $ 2 <= 87650000
@00003004: $ 2 <= 87654321
@00003008:*00000000<=87654321
@0000300c: $ 8 <= 00004321
@00003010: $ 8 <= ffff8765
@00003014: $ 3 <= 00000002
@00003018: $ 2 <= 21d950c8
@0000301c: $ 4 <= 0000007b
@00003020: $ 5 <= ffffff85
@00003030: $31 <= 00003034
