Running: D:\ISE\14.7\ISE_DS\ISE\bin\nt64\unwrapped\fuse.exe -intstyle ise -incremental -lib unisims_ver -lib unimacro_ver -lib xilinxcorelib_ver -o E:/ISEproject/buffer/buffertest_isim_beh.exe -prj E:/ISEproject/buffer/buffertest_beh.prj work.buffertest work.glbl 
ISim P.20131013 (signature 0x7708f090)
Number of CPUs detected in this system: 4
Turning on mult-threading, number of parallel sub-compilation jobs: 8 
Determining compilation order of HDL files
Analyzing Verilog file "E:/ISEproject/buffer/buffer.v" into library work
Analyzing Verilog file "E:/ISEproject/buffer/buffertest.v" into library work
Analyzing Verilog file "D:/ISE/14.7/ISE_DS/ISE//verilog/src/glbl.v" into library work
Starting static elaboration
Completed static elaboration
Compiling module buffer
Compiling module buffertest
Compiling module glbl
Time Resolution for simulation is 1ps.
Waiting for 1 sub-compilation(s) to finish...
WARNING:Simulator - Unable to copy libPortabilityNOSH.dll to the simulation executable directory: boost::filesystem::copy_file: 系统找不到指定的路径。, "isim\buffertest_isim_beh.exe.sim\libPortability.dll".
Compiled 3 Verilog Units
Built simulation executable E:/ISEproject/buffer/buffertest_isim_beh.exe
Fuse Memory Usage: 26876 KB
Fuse CPU Usage: 468 ms
