Running: D:\ISE\14.7\ISE_DS\ISE\bin\nt64\unwrapped\fuse.exe -intstyle ise -incremental -lib unisims_ver -lib unimacro_ver -lib xilinxcorelib_ver -o E:/ISEproject/P5CPU5/test1_isim_beh.exe -prj E:/ISEproject/P5CPU5/test1_beh.prj work.test1 work.glbl 
ISim P.20131013 (signature 0x7708f090)
Number of CPUs detected in this system: 4
Turning on mult-threading, number of parallel sub-compilation jobs: 8 
Determining compilation order of HDL files
Analyzing Verilog file "E:/ISEproject/P5CPU5/stall.v" into library work
Analyzing Verilog file "E:/ISEproject/P5CPU5/rf.v" into library work
Analyzing Verilog file "E:/ISEproject/P5CPU5/pc.v" into library work
Analyzing Verilog file "E:/ISEproject/P5CPU5/npc.v" into library work
Analyzing Verilog file "E:/ISEproject/P5CPU5/mux.v" into library work
Analyzing Verilog file "E:/ISEproject/P5CPU5/MtoW.v" into library work
Analyzing Verilog file "E:/ISEproject/P5CPU5/im.v" into library work
Analyzing Verilog file "E:/ISEproject/P5CPU5/ifu.v" into library work
Analyzing Verilog file "E:/ISEproject/P5CPU5/FtoD.v" into library work
Analyzing Verilog file "E:/ISEproject/P5CPU5/EtoM.v" into library work
Analyzing Verilog file "E:/ISEproject/P5CPU5/DtoE.v" into library work
Analyzing Verilog file "E:/ISEproject/P5CPU5/dm.v" into library work
Analyzing Verilog file "E:/ISEproject/P5CPU5/cmp.v" into library work
Analyzing Verilog file "E:/ISEproject/P5CPU5/bypass.v" into library work
Analyzing Verilog file "E:/ISEproject/P5CPU5/alu.v" into library work
Analyzing Verilog file "E:/ISEproject/P5CPU5/hazard.v" into library work
Analyzing Verilog file "E:/ISEproject/P5CPU5/datapath.v" into library work
Analyzing Verilog file "E:/ISEproject/P5CPU5/mips.v" into library work
Analyzing Verilog file "E:/ISEproject/P5CPU5/test1.v" into library work
Analyzing Verilog file "D:/ISE/14.7/ISE_DS/ISE//verilog/src/glbl.v" into library work
Starting static elaboration
WARNING:HDLCompiler:1016 - "E:/ISEproject/P5CPU5/datapath.v" Line 134: Port in5 is not connected to this instance
WARNING:HDLCompiler:1016 - "E:/ISEproject/P5CPU5/datapath.v" Line 147: Port in5 is not connected to this instance
WARNING:HDLCompiler:1016 - "E:/ISEproject/P5CPU5/datapath.v" Line 199: Port in4 is not connected to this instance
WARNING:HDLCompiler:1016 - "E:/ISEproject/P5CPU5/datapath.v" Line 212: Port in4 is not connected to this instance
WARNING:HDLCompiler:1016 - "E:/ISEproject/P5CPU5/datapath.v" Line 225: Port in3 is not connected to this instance
WARNING:HDLCompiler:1016 - "E:/ISEproject/P5CPU5/datapath.v" Line 261: Port in2 is not connected to this instance
WARNING:HDLCompiler:1016 - "E:/ISEproject/P5CPU5/datapath.v" Line 303: Port in3 is not connected to this instance
WARNING:HDLCompiler:1016 - "E:/ISEproject/P5CPU5/datapath.v" Line 311: Port in3 is not connected to this instance
Completed static elaboration
Compiling module mux_pc
Compiling module pc
Compiling module ifu
Compiling module im
Compiling module FtoD
Compiling module rf
Compiling module mux_bypass
Compiling module cmp
Compiling module npc
Compiling module DtoE
Compiling module mux_alub
Compiling module alu
Compiling module EtoM
Compiling module dm
Compiling module MtoW
Compiling module mux_rfwa
Compiling module mux_rfwd
Compiling module datapath
Compiling module stall
Compiling module bypass
Compiling module hazard
Compiling module mips
Compiling module test1
Compiling module glbl
Time Resolution for simulation is 1ps.
Waiting for 17 sub-compilation(s) to finish...
WARNING:Simulator - Unable to copy libPortabilityNOSH.dll to the simulation executable directory: boost::filesystem::copy_file: 系统找不到指定的路径。, "isim\test1_isim_beh.exe.sim\libPortability.dll".
Compiled 24 Verilog Units
Built simulation executable E:/ISEproject/P5CPU5/test1_isim_beh.exe
Fuse Memory Usage: 34976 KB
Fuse CPU Usage: 1030 ms
