ISim log file
Running: E:\ISEproject\gray\graytest_isim_beh.exe -intstyle ise -gui -tclbatch isim.cmd -wdb E:/ISEproject/gray/graytest_isim_beh.wdb 
ISim P.20131013 (signature 0x7708f090)
----------------------------------------------------------------------
WARNING:Security:42 - Your software subscription period has lapsed. Your current version of Xilinx tools will continue to function, but you no longer qualify for Xilinx software updates or new releases.


----------------------------------------------------------------------
This is a Full version of ISim.
Time resolution is 1 ps
# onerror resume
# wave add /
# run 1000 ns
Simulator is doing circuit initialization process.
Finished circuit initialization process.
# run all
Stopped at time : 24009345 ns : File "E:/ISEproject/gray/gray.v" Line 34
# restart
# restart
# restart
# restart
# restart
# restart
# restart
# restart
# restart
# restart
# restart
# restart
# run all
Simulator is doing circuit initialization process.
Stopped at time : 0 fs : File "E:/ISEproject/gray/graytest.v" Line 47
# run all
Stopped at time : 0 fs : File "E:/ISEproject/gray/graytest.v" Line 48
