ISim log file
Running: E:\ISEproject\P6CPU2\test1_isim_beh.exe -intstyle ise -gui -tclbatch isim.cmd -wdb E:/ISEproject/P6CPU2/test1_isim_beh.wdb 
ISim P.20131013 (signature 0x7708f090)
----------------------------------------------------------------------
WARNING:Security:42 - Your software subscription period has lapsed. Your current version of Xilinx tools will continue to function, but you no longer qualify for Xilinx software updates or new releases.


----------------------------------------------------------------------
This is a Full version of ISim.
Time resolution is 1 ps
# onerror resume
# wave add /
# run 1000 ns
Simulator is doing circuit initialization process.
Finished circuit initialization process.
                  50@00003000: $ 4 <= 87650000
                  60@00003004: $ 4 <= 87650065
                  70@00003008: $ 3 <= 00008700
                  80@0000300c: $ 4 <= 87658765
                  90@00003010: $ 5 <= 3b2c3b28
                 100@00003014: $ 6 <= 10ecb0ec
                 110@00003018: $ 7 <= f0ecb0ec
                 115@0000301c:*00000000<=87658765
                 130@00003020: $14 <= 87658765
                 140@00003024: $ 3 <= 00000003
                 150@00003028: $14 <= 87658765
                 160@0000302c: $ 8 <= 3b2c3b28
                 170@00003030: $ 9 <= 10ecb0ec
                 180@00003034: $10 <= f0ecb0ec
                 190@00003038: $15 <= 12340000
                 200@0000303c: $15 <= 12341234
                 210@00003040: $20 <= 02240224
                 220@00003044: $21 <= 97759775
                 230@00003048: $22 <= 95519551
                 240@0000304c: $23 <= 688a688a
                 250@00003050: $ 1 <= 00001234
                 260@00003054: $ 2 <= 00005678
                 270@00003058: $ 1 <= 00000220
                 280@0000305c: $ 2 <= 0000d11d
                 290@00003060: $ 1 <= 00000008
                 300@00003064: $ 1 <= fffffff8
                 310@00003068: $ 2 <= 00000001
                 320@0000306c: $ 3 <= 00000001
                 330@00003070: $ 4 <= 00000001
                 340@00003074: $ 5 <= 00000000
                 350@00003078: $ 6 <= 00000000
