ISim log file
Running: E:\ISEproject\P4CPU2\P4CPU2test_isim_beh.exe -intstyle ise -gui -tclbatch isim.cmd -wdb E:/ISEproject/P4CPU2/P4CPU2test_isim_beh.wdb 
ISim P.20131013 (signature 0x7708f090)
----------------------------------------------------------------------
WARNING:Security:42 - Your software subscription period has lapsed. Your current version of Xilinx tools will continue to function, but you no longer qualify for Xilinx software updates or new releases.


----------------------------------------------------------------------
This is a Full version of ISim.
Time resolution is 1 ps
# onerror resume
# wave add /
# run 1000 ns
Simulator is doing circuit initialization process.
Finished circuit initialization process.
@00003000: $ 4 <= 0000007b
# restart
# run all
Simulator is doing circuit initialization process.
Finished circuit initialization process.
@00003000: $ 4 <= 0000007b
Stopped at time : 169133335 ns : File "E:/ISEproject/P4CPU2/dm.v" Line 39
