Running: D:\ISE\14.7\ISE_DS\ISE\bin\nt64\unwrapped\fuse.exe -intstyle ise -incremental -lib unisims_ver -lib unimacro_ver -lib xilinxcorelib_ver -o E:/ISEproject/P5CPU3/test_isim_beh.exe -prj E:/ISEproject/P5CPU3/test_beh.prj work.test work.glbl 
ISim P.20131013 (signature 0x7708f090)
Number of CPUs detected in this system: 4
Turning on mult-threading, number of parallel sub-compilation jobs: 8 
Determining compilation order of HDL files
Analyzing Verilog file "E:/ISEproject/P5CPU3/stall.v" into library work
Analyzing Verilog file "E:/ISEproject/P5CPU3/rf.v" into library work
Analyzing Verilog file "E:/ISEproject/P5CPU3/pc.v" into library work
Analyzing Verilog file "E:/ISEproject/P5CPU3/npc.v" into library work
Analyzing Verilog file "E:/ISEproject/P5CPU3/mux.v" into library work
Analyzing Verilog file "E:/ISEproject/P5CPU3/MtoW.v" into library work
Analyzing Verilog file "E:/ISEproject/P5CPU3/im.v" into library work
Analyzing Verilog file "E:/ISEproject/P5CPU3/ifu.v" into library work
Analyzing Verilog file "E:/ISEproject/P5CPU3/FtoD.v" into library work
Analyzing Verilog file "E:/ISEproject/P5CPU3/EtoM.v" into library work
Analyzing Verilog file "E:/ISEproject/P5CPU3/DtoE.v" into library work
Analyzing Verilog file "E:/ISEproject/P5CPU3/dm.v" into library work
Analyzing Verilog file "E:/ISEproject/P5CPU3/cmp.v" into library work
Analyzing Verilog file "E:/ISEproject/P5CPU3/bypass.v" into library work
Analyzing Verilog file "E:/ISEproject/P5CPU3/alu.v" into library work
Analyzing Verilog file "E:/ISEproject/P5CPU3/hazard.v" into library work
Analyzing Verilog file "E:/ISEproject/P5CPU3/datapath.v" into library work
Analyzing Verilog file "E:/ISEproject/P5CPU3/mips.v" into library work
Analyzing Verilog file "E:/ISEproject/P5CPU3/test.v" into library work
Analyzing Verilog file "D:/ISE/14.7/ISE_DS/ISE//verilog/src/glbl.v" into library work
Starting static elaboration
WARNING:HDLCompiler:1016 - "E:/ISEproject/P5CPU3/datapath.v" Line 123: Port in5 is not connected to this instance
WARNING:HDLCompiler:1016 - "E:/ISEproject/P5CPU3/datapath.v" Line 136: Port in5 is not connected to this instance
WARNING:HDLCompiler:1016 - "E:/ISEproject/P5CPU3/datapath.v" Line 181: Port in4 is not connected to this instance
WARNING:HDLCompiler:1016 - "E:/ISEproject/P5CPU3/datapath.v" Line 194: Port in4 is not connected to this instance
WARNING:HDLCompiler:1016 - "E:/ISEproject/P5CPU3/datapath.v" Line 207: Port in3 is not connected to this instance
WARNING:HDLCompiler:1016 - "E:/ISEproject/P5CPU3/datapath.v" Line 238: Port in2 is not connected to this instance
WARNING:HDLCompiler:1016 - "E:/ISEproject/P5CPU3/datapath.v" Line 276: Port in3 is not connected to this instance
WARNING:HDLCompiler:1016 - "E:/ISEproject/P5CPU3/datapath.v" Line 282: Port in3 is not connected to this instance
Completed static elaboration
Compiling module mux_pc
Compiling module pc
Compiling module ifu
Compiling module im
Compiling module FtoD
Compiling module rf
Compiling module mux_bypass
Compiling module cmp
Compiling module npc
Compiling module DtoE
Compiling module mux_alub
Compiling module alu
Compiling module EtoM
Compiling module dm
Compiling module MtoW
Compiling module mux_rfwa
Compiling module mux_rfwd
Compiling module datapath
Compiling module stall
Compiling module bypass
Compiling module hazard
Compiling module mips
Compiling module test
Compiling module glbl
Time Resolution for simulation is 1ps.
Waiting for 17 sub-compilation(s) to finish...
WARNING:Simulator - Unable to copy libPortabilityNOSH.dll to the simulation executable directory: boost::filesystem::copy_file: 系统找不到指定的路径。, "isim\test_isim_beh.exe.sim\libPortability.dll".
Compiled 24 Verilog Units
Built simulation executable E:/ISEproject/P5CPU3/test_isim_beh.exe
Fuse Memory Usage: 32364 KB
Fuse CPU Usage: 2203 ms
