ISim log file
Running: E:\ISEproject\P5CPU3\test_isim_beh.exe -intstyle ise -gui -tclbatch isim.cmd -wdb E:/ISEproject/P5CPU3/test_isim_beh.wdb 
ISim P.20131013 (signature 0x7708f090)
----------------------------------------------------------------------
WARNING:Security:42 - Your software subscription period has lapsed. Your current version of Xilinx tools will continue to function, but you no longer qualify for Xilinx software updates or new releases.


----------------------------------------------------------------------
This is a Full version of ISim.
Time resolution is 1 ps
# onerror resume
# wave add /
# run 1000 ns
Simulator is doing circuit initialization process.
Finished circuit initialization process.
                  50@00003000: $ 4 <= 00000004
                  60@00003004: $ 5 <= 00000005
                  70@00003008: $ 6 <= 00000006
                  85@0000300c:*00000000<=00000005
                  95@00003010:*00000004<=00000004
                 105@00003014:*00000008<=00000006
                 120@00003018: $ 5 <= 00000005
                 140@0000301c: $ 5 <= 0000000a
                 150@00003020: $ 5 <= 00000005
                 160@00003024: $ 7 <= 00000001
                 170@00003028: $ 5 <= 0000000a
                 180@0000302c: $ 5 <= 00000005
                 190@00003030: $ 7 <= 00000003
                 200@00003034: $ 8 <= 00000003
                 210@00003038: $ 5 <= 0000000a
                 220@0000303c: $ 5 <= 00000005
                 240@00003040: $ 5 <= 0000000a
                 250@00003044: $ 5 <= 00000014
                 260@00003048: $ 5 <= 00000028
                 270@0000304c: $10 <= 00000004
                 290@00003050: $10 <= ffffffdc
                 300@00003054: $10 <= 00000004
                 310@00003058: $11 <= 0000000b
                 320@0000305c: $10 <= 00000000
                 330@00003060: $10 <= 00000004
                 340@00003064: $11 <= 0000000f
                 350@00003068: $11 <= 0000000f
                 360@0000306c: $10 <= 00000000
                 370@00003070: $10 <= 00000004
                 380@00003074: $11 <= 00000000
                 390@00003078: $11 <= 00000000
                 400@0000307c: $11 <= 00000000
                 410@00003080: $12 <= 00000005
                 430@00003084: $12 <= 00000005
                 440@00003088: $12 <= 00000004
                 450@0000308c: $13 <= 0000000d
                 460@00003090: $12 <= 00000004
                 470@00003094: $12 <= 00000006
                 480@00003098: $13 <= 0000000d
                 490@0000309c: $13 <= 0000000f
                 500@000030a0: $12 <= 00000006
                 510@000030a4: $12 <= 00000006
                 530@000030a8: $12 <= 00000006
                 540@000030ac: $12 <= 00000006
                 550@000030b0: $12 <= 00000006
                 560@000030b4: $14 <= 00000005
                 565@000030b8:*00000000<=00000005
                 580@000030bc: $14 <= 00000004
                 590@000030c0: $15 <= 00000005
                 605@000030c4:*00000004<=00000004
                 620@000030c8: $14 <= 00000006
                 630@000030cc: $15 <= 00000007
                 640@000030d0: $15 <= 00000007
                 645@000030d4:*00000008<=00000006
                 660@000030d8: $16 <= 00000004
                 680@000030dc: $17 <= 00000005
                 690@000030e0: $18 <= 00000006
                 700@000030e4: $19 <= 00000004
                 710@000030e8: $16 <= 00000004
                 730@000030ec: $16 <= 00000004
                 750@000030f0: $16 <= 00000004
                 770@000030f4: $16 <= 00000004
                 780@000030f8: $31 <= 00003100
                 790@000030fc: $25 <= 00000019
                 820@00003118: $31 <= 000030fc
                 825@0000311c:*0000000c<=000030fc
                 840@00003120: $31 <= 000030fc
                 890@000030fc: $25 <= 00000019
                 900@00003100: $26 <= 0000001a
                 910@00003104: $27 <= 0000001b
                 940@0000312c: $31 <= 00003134
                 950@00003130: $25 <= 00000019
                 980@00003148: $31 <= 00003130
                 985@0000314c:*0000000c<=00003130
                1000@00003150: $31 <= 00003130
# run all
                1050@00003130: $25 <= 00000019
                1060@00003134: $26 <= 0000001a
                1070@00003138: $27 <= 0000001b
                1100@00003160: $31 <= 00003168
                1110@00003164: $25 <= 00000019
                1140@0000317c: $31 <= 00003164
                1145@00003180:*0000000c<=00003164
                1160@00003184: $31 <= 00003164
                1210@00003164: $25 <= 00000019
                1220@00003168: $26 <= 0000001a
                1230@0000316c: $27 <= 0000001b
                1260@00003198: $20 <= 00000005
                1270@0000319c: $21 <= 00000004
                1310@000031a4: $23 <= 00000017
                1320@000031a8: $24 <= 00000018
                1330@000031ac: $25 <= 00000019
                1340@000031b0: $20 <= 00000005
                1350@000031b4: $21 <= 00000004
                1390@000031c0: $23 <= 00000017
                1400@000031c4: $24 <= 00000018
                1410@000031c8: $25 <= 00000019
Stopped at time : 83640805 ns : File "E:/ISEproject/P5CPU3/DtoE.v" Line 80
