ISim log file
Running: E:\ISEproject\P6CPU5\test1_isim_beh.exe -intstyle ise -gui -tclbatch isim.cmd -wdb E:/ISEproject/P6CPU5/test1_isim_beh.wdb 
ISim P.20131013 (signature 0x7708f090)
----------------------------------------------------------------------
WARNING:Security:42 - Your software subscription period has lapsed. Your current version of Xilinx tools will continue to function, but you no longer qualify for Xilinx software updates or new releases.


----------------------------------------------------------------------
This is a Full version of ISim.
Time resolution is 1 ps
# onerror resume
# wave add /
# run 1000 ns
Simulator is doing circuit initialization process.
Finished circuit initialization process.
                  50@00003000: $ 1 <= 6ccd0000
                  60@00003004: $ 1 <= 6ccd0652
                  70@00003008: $ 2 <= 55790000
                  80@0000300c: $ 2 <= 55792584
                  90@00003010: $ 3 <= 21bf0000
                 100@00003014: $ 3 <= 21bfa4d0
                 110@00003018: $31 <= 7ba50000
                 120@0000301c: $31 <= 7ba580ee
                 125@00003020: *000014f8 <= 6ccd0652
                 135@00003024: *0000050c <= 55792584
                 145@00003028: *00000ae0 <= 21bfa4d0
                 155@0000302c: *00000814 <= 7ba580ee
                 180@00003034: $31 <= e8728740
                 230@00003044: $ 1 <= 00000001
                 240@00003048: $ 3 <= 0000325b
                 250@0000304c: $ 2 <= 21bfa4d0
                 270@00003050: $31 <= 00000001
                 280@00003054: $ 3 <= 21bfd72b
                 300@0000305c: $31 <= 00000000
                 310@00003060: $ 1 <= 000437fa
                 340@0000306c: $ 3 <= 00000001
                 350@00003070: $ 2 <= 00002584
                 360@00003074: $ 3 <= f87b2900
                 370@00003078: $ 1 <= 00003bd3
                 380@0000307c: $ 3 <= 000021bf
                 390@00003080: $ 1 <= 00000000
                 400@00003084: $ 2 <= ffffffff
                 410@00003088: $ 1 <= ffffde40
                 420@0000308c: $ 3 <= 00005e40
                 430@00003090: $31 <= 00000000
                 580@000030a0: $ 3 <= 00000000
                 590@000030a4: $ 2 <= 61cb0000
                 630@000030b4: $ 1 <= 61cb0000
                 640@000030b8: $31 <= 000030c0
                 660@000030c0: $ 2 <= 000069d6
                 670@000030c4: $ 3 <= 00000006
                 710@000030d4: $ 2 <= 00000000
                 720@000030d8: $ 2 <= 00000000
                 730@000030dc: $ 2 <= 61cb709c
                 740@000030e0: $ 1 <= 61cb0000
                 750@000030e4: $ 1 <= 00001500
                 760@000030e8: $ 3 <= 000000d0
                 780@000030ec: $ 2 <= 000000d0
                 850@00003110: $ 1 <= 000045c0
                 920@0000312c: $ 3 <= 00000001
                 930@00003130: $ 2 <= ffff8a3f
                 940@00003134: $ 2 <= 00007529
                 950@00003138: $ 1 <= ffffffa5
                 970@0000313c: $31 <= ffffffa6
                 990@00003144: $ 1 <= 0e510000
                1000@00003148: $ 1 <= 00000000
# run 1.00us
                1010@0000314c: $31 <= 00003158
                1030@00003150: $ 2 <= 00003158
                1045@00003158: *00000f04 <= 00003158
                1060@0000315c: $ 1 <= 00000000
                1070@00003160: $ 3 <= ffffffbf
                1110@00003174: $ 3 <= 0000440d
                1115@00003178: *00001a24 <= 00003158
                1160@00003188: $ 1 <= 0000007b
                1210@0000319c: $ 2 <= 000000a4
                1220@000031a0: $31 <= 0d000000
                1230@000031a4: $ 2 <= 0d002fa5
                1250@000031ac: $ 3 <= 0000440d
                1300@000031bc: $31 <= 0000d002
                1340@000031d0: $ 2 <= 00003158
                1350@000031d4: $ 2 <= 00000000
                1360@000031d8: $ 1 <= 0000881a
                1370@000031dc: $ 1 <= 000031e8
                1390@000031e0: $ 3 <= 000031e8
                1410@000031e8: $31 <= 00006aaf
                1420@000031ec: $31 <= 000000a4
                1470@00003200: $ 3 <= 00000000
                1580@00003204: $ 2 <= 00000000
                1600@0000320c: $ 2 <= 00000000
                1610@00003210: $ 2 <= 00000000
                1620@00003214: $ 1 <= ffffff5b
                1630@00003218: $ 3 <= 00003224
                1670@00003224: $ 3 <= 00003280
                1680@00003228: $ 1 <= 0000d089
                1690@0000322c: $31 <= 0000c1c5
                1700@00003230: $ 3 <= 00000001
                1710@00003234: $ 1 <= 00004554
                1720@00003238: $31 <= 00007ba5
                1760@0000324c: $ 3 <= 00000000
                1770@00003250: $ 3 <= 0000a4d2
                1800@0000325c: $ 2 <= 00000058
                1820@00003264: $ 3 <= 000037f7
                1930@00003268: $31 <= 00001a2a
                1940@0000326c: $ 1 <= 0000450c
                1950@00003270: $ 1 <= 00000114
                1960@00003274: $ 2 <= 00001a7a
                2000@00003284: $ 1 <= ffffff84
# run 1.00us
                2020@0000328c: $ 1 <= 0001a7a0
                2090@000032a8: $ 1 <= 00000000
                2100@000032ac: $ 3 <= 7ba580ee
                2110@000032b0: $ 2 <= 000037f7
                2120@000032b4: $ 3 <= 924a0000
                2150@000032c4: $ 3 <= 000000ee
                2200@000032d8: $31 <= 00000000
                2210@000032dc: $ 2 <= 00003158
                2220@000032e0: $ 3 <= 00000000
                2230@000032e4: $ 1 <= 21bfa4d0
                2240@000032e8: $31 <= 00000000
                2250@000032ec: $31 <= 0000de4c
                2300@00003300: $ 2 <= 00003158
                2310@00003304: $ 2 <= 21bf436a
                2320@00003308: $ 1 <= 21bfa4d0
                2330@0000330c: $ 2 <= 21bfa4d0
                2350@00003310: $ 1 <= 00021bfa
                2380@00003320: $ 3 <= ef460000
                2420@00003330: $ 2 <= fffd2001
                2430@00003334: $ 3 <= 0002dffe
                2440@00003338: $ 1 <= 00002707
                2450@0000333c: $ 2 <= ffffffbf
                2490@0000334c: $ 3 <= 00000001
                2500@00003350: $ 3 <= 000026c6
                2530@0000335c: $ 2 <= ffffd838
                2540@00003360: $31 <= 0001bc98
                2550@00003364: $ 2 <= 98000000
                2590@00003374: $ 1 <= 000165f6
                2600@00003378: $31 <= 469b0000
                2610@0000337c: $ 1 <= 67fe9a09
                2620@00003380: $31 <= 00005ab8
                2630@00003384: $ 1 <= 00000058
                2640@00003388: $ 1 <= 00000000
                2650@0000338c: $ 1 <= 00000652
                2660@00003390: $ 2 <= 00000000
                2720@000033a8: $31 <= 000033b0
                2760@000033bc: $ 3 <= 00000001
                2770@000033c0: $31 <= 00000001
                2780@000033c4: $31 <= 000033cc
                2850@000033e8: $31 <= 00000000
                2860@000033ec: $ 1 <= 000000ee
                2870@000033f0: $ 2 <= 0000007b
                2880@000033f4: $31 <= 00000001
                2890@000033f8: $ 1 <= 000000ee
                2900@000033fc: $ 1 <= 00000044
                2910@00003400: $ 3 <= 0000eb2f
                2920@00003404: $ 3 <= 0000542c
                2930@00003408: $ 3 <= 6ccd0652
                2970@00003418: $ 1 <= 00000002
                2980@0000341c: $ 2 <= 0000447b
                2990@00003420: $ 3 <= 6ccdf9c0
                3000@00003424: $ 3 <= 6cce68f5
# run 1.00us
                3010@00003428: $31 <= 6ccee855
                3040@00003438: $31 <= 00003440
                3090@0000344c: $31 <= 0000447b
                3110@00003454: $ 1 <= 6cce65c7
                3120@00003458: $31 <= 00000000
                3140@00003460: $ 1 <= 00000000
                3160@00003464: $ 2 <= 00000000
                3290@00003478: $ 1 <= 6cce65c7
                3300@0000347c: $ 1 <= 93319a38
                3320@00003484: $31 <= 00003158
                3330@00003488: $ 3 <= 00000001
                3340@0000348c: $ 3 <= 00000000
                3350@00003490: $31 <= 93319a38
                3360@00003494: $ 1 <= 00000000
                3370@00003498: $ 3 <= 00000000
                3380@0000349c: $ 2 <= 00000000
                3390@000034a0: $ 2 <= 00000000
                3400@000034a4: $ 2 <= 93319a38
                3420@000034ac: $ 1 <= ffff90b1
                3430@000034b0: $31 <= 00001524
                3440@000034b4: $31 <= 21bfa4d0
                3460@000034b8: $ 1 <= 21bf5aed
                3470@000034bc: $31 <= 00005579
                3500@000034cc: $ 3 <= 000034d8
                3540@000034d8: $ 1 <= 33470000
                3550@000034dc: $ 3 <= 33470000
                3570@000034e4: $ 2 <= a0769a38
                3580@000034e8: $ 2 <= a0762ff8
                3590@000034ec: $ 2 <= 00000557
                3600@000034f0: $31 <= 00000551
                3610@000034f4: $ 1 <= 0000264d
                3620@000034f8: $ 3 <= 00000000
                3630@000034fc: $ 3 <= 00000000
                3640@00003500: $ 3 <= 75ca0000
                3650@00003504: $ 2 <= 00004b85
                3660@00003508: $ 3 <= 00000501
                3670@0000350c: $31 <= 00004e84
                3700@0000351c: $ 1 <= 00000000
                3740@0000352c: $ 3 <= 00000000
                3770@00003538: $ 2 <= 0000ebcd
                3790@00003540: $ 1 <= 00004e84
                3800@00003544: $ 3 <= 00003550
                3835@00003550: *00000738 <= 0000ebcd
                3850@00003554: $31 <= 0000420c
                3900@00003558: $31 <= 00000001
                3910@0000355c: $ 1 <= bbf90000
                3950@00003570: $ 2 <= 00003158
# run 1.00us
                4010@0000358c: $ 3 <= 77f20000
                4050@0000359c: $ 1 <= 00000000
                4080@000035ac: $ 2 <= 00000000
                4090@000035b0: $ 2 <= 00000000
                4100@000035b4: $ 3 <= 00000000
                4105@000035b8: *000001d4 <= 00000001
                4120@000035bc: $ 2 <= 00000001
                4130@000035c0: $ 1 <= 00000000
                4170@000035d0: $ 2 <= 00000001
                4180@000035d4: $ 2 <= 00000001
                4190@000035d8: $ 1 <= 00000001
                4200@000035dc: $31 <= 00000001
                4250@000035ec: $ 3 <= 00003148
                4260@000035f0: $31 <= 6ccd0652
                4280@000035f4: $ 1 <= 6ccd0653
                4290@000035f8: $ 2 <= 00001108
                4310@00003600: $ 3 <= 0000360c
                4460@00003620: $ 1 <= 00006b9b
                4470@00003624: $31 <= 0000006c
                4480@00003628: $ 1 <= 00000000
                4490@0000362c: $ 3 <= 80000000
                4500@00003630: $ 2 <= ffffff80
                4530@0000363c: $ 2 <= 8000a286
                4550@00003640: $ 1 <= 00001108
                4610@00003658: $ 3 <= 8000a286
                4650@00003660: $31 <= 00001b00
                4660@00003664: $ 3 <= 8000b38e
                4680@0000366c: $31 <= 71fdd854
                4690@00003670: $ 3 <= 9a1f0000
                4730@00003680: $31 <= 0000259d
                4740@00003684: $ 3 <= 00000000
                4750@00003688: $31 <= 00003690
                4770@00003690: $ 1 <= 80009e5c
                4780@00003694: $ 1 <= 00000000
                4810@000036a0: $ 3 <= 00000000
                4820@000036a4: $ 1 <= 00008a06
                4830@000036a8: $ 1 <= 3fff54f6
                4860@000036b8: $31 <= 00000000
                4870@000036bc: $ 2 <= 00000000
                4880@000036c0: $ 2 <= 942e0000
                4890@000036c4: $ 2 <= 000036d0
                4910@000036c8: $31 <= 000036d0
                4930@000036d0: $ 2 <= d0000000
                4940@000036d4: $31 <= 00000000
                5000@000036f4: $ 3 <= 21bfa4d0
# run 1.00us
                5040@00003700: $ 2 <= 21bf04d0
                5050@00003704: $31 <= 00000000
                5060@00003708: $ 3 <= 00000086
                5070@0000370c: $ 2 <= 00003718
                5090@00003710: $ 1 <= 00003718
                5110@00003718: $ 1 <= 00003724
                5150@00003724: $31 <= 00000000
                5160@00003728: $31 <= ffffc861
                5240@00003744: $31 <= 00000000
                5280@00003754: $ 1 <= 00000006
                5290@00003758: $ 1 <= 00000000
                5330@00003768: $31 <= 00000000
                5340@0000376c: $ 1 <= 00000025
                5350@00003770: $ 1 <= 00000000
                5410@00003788: $ 3 <= ffffc8e7
                5420@0000378c: $31 <= ffffc8e7
                5430@00003790: $ 3 <= 00000000
                5460@0000379c: $ 3 <= 00000000
                5470@000037a0: $31 <= ffff91ce
                5480@000037a4: $ 2 <= ffff5ab6
                5490@000037a8: $ 3 <= 0000a549
                5500@000037ac: $ 2 <= ffffa17c
                5510@000037b0: $31 <= 00000000
                5520@000037b4: $ 2 <= 00000001
                5550@000037c4: $ 2 <= 0000b159
                5580@000037d4: $ 1 <= 00003158
                5590@000037d8: $31 <= 0000bd34
                5630@000037e8: $ 3 <= 00000000
                5640@000037ec: $31 <= 000054db
                5650@000037f0: $ 1 <= 00000031
                5660@000037f4: $ 3 <= 00003800
                5710@00003804: $ 1 <= 00000062
                5720@00003808: $ 1 <= ffff46a6
                5730@0000380c: $ 2 <= ffffffff
                5740@00003810: $ 1 <= 0000007f
                5750@00003814: $31 <= ffff55ec
                5820@00003818: $ 3 <= 00000031
                5830@0000381c: $ 2 <= ffffffeb
                5920@00003828: $ 2 <= 0000007e
                5930@0000382c: $ 2 <= 00000000
                5940@00003830: $ 1 <= 0000ebcd
                6000@00003840: $ 3 <= 00000000
# run 1.00us
                6010@00003844: $ 2 <= 00003850
                6030@00003848: $ 3 <= 00003850
                6060@00003854: $ 1 <= b8760000
                6070@00003858: $31 <= 0000595f
                6080@0000385c: $31 <= 00003158
                6090@00003860: $ 1 <= 0000386c
                6110@00003864: $ 3 <= 0000386c
                6130@0000386c: $ 2 <= 0000357d
                6160@0000387c: $31 <= 03158000
                6170@00003880: $31 <= 000062de
                6180@00003884: $31 <= 00000000
                6240@000038a0: $ 1 <= 0000102c
                6250@000038a4: $ 1 <= 000038b0
                6270@000038a8: $ 3 <= 000038b0
                6290@000038b0: $31 <= 00007ba5
                6310@000038b8: $ 2 <= 00000000
                6340@000038c4: $31 <= 00000000
                6370@000038d4: $ 3 <= 0000006c
                6375@000038d8: *00000b24 <= 00000000
                6390@000038dc: $ 3 <= 0000006c
                6420@000038ec: $ 2 <= 00000000
                6450@000038f8: $ 3 <= 00000000
                6460@000038fc: $ 1 <= 00000000
                6570@00003904: $ 2 <= 00000000
                6580@00003908: $ 2 <= 00000000
                6670@00003930: $ 2 <= 00008323
                6680@00003934: $ 1 <= 00000000
                6700@0000393c: $ 1 <= 0000a4d0
                6710@00003940: $ 3 <= 00001064
                6720@00003944: $ 1 <= 000149a0
                6730@00003948: $ 1 <= 0000450c
                6740@0000394c: $ 3 <= 00008323
                6750@00003950: $ 3 <= 00000008
                6760@00003954: $ 3 <= ffff7cd4
                6770@00003958: $31 <= fffffff7
                6780@0000395c: $31 <= 0000fd2f
                6790@00003960: $31 <= 00000000
                6830@00003970: $ 1 <= 00002c1e
                6840@00003974: $ 1 <= 00000001
                6880@00003984: $31 <= 00003c54
                6890@00003988: $ 2 <= ffffffff
                6910@00003990: $ 3 <= 00100000
                6920@00003994: $ 3 <= 00000000
                6950@000039a0: $ 2 <= 0000745e
                6960@000039a4: $31 <= 00000000
                6970@000039a8: $ 2 <= 00000001
# run 1.00us
                7030@000039b0: $ 1 <= 00000000
                7040@000039b4: $ 2 <= 00000001
                7150@000039bc: $ 2 <= 00000000
                7160@000039c0: $ 1 <= 00003158
                7170@000039c4: $ 1 <= 00003158
                7190@000039c8: $ 3 <= 00000000
                7200@000039cc: $ 1 <= 00000000
                7210@000039d0: $ 2 <= 00000000
                7220@000039d4: $ 1 <= 00000000
                7230@000039d8: $31 <= 00000000
                7240@000039dc: $ 2 <= 0000f411
                7250@000039e0: $ 2 <= 000039ec
                7330@000039fc: $ 3 <= 00007ba5
                7340@00003a00: $ 2 <= 00003a0c
                7420@00003a10: $ 2 <= ffffcd87
                7430@00003a14: $ 2 <= 00000000
                7440@00003a18: $ 2 <= 00000000
                7520@00003a30: $31 <= 00000001
                7610@00003a34: $ 1 <= 00000000
                7620@00003a38: $31 <= 00000001
                7630@00003a3c: $31 <= 00000000
                7640@00003a40: $31 <= 0000007b
                7660@00003a44: $ 2 <= 00007bff
                7670@00003a48: $ 3 <= 00000000
                7680@00003a4c: $ 2 <= 00000000
                7690@00003a50: $31 <= 00000000
                7700@00003a54: $ 3 <= 00000000
                7710@00003a58: $ 1 <= ffffb63e
                7720@00003a5c: $ 1 <= 00000000
                7730@00003a60: $ 1 <= 00000000
                7740@00003a64: $ 3 <= 00000000
                7750@00003a68: $ 3 <= 00003158
                7760@00003a6c: $ 3 <= 00009ef9
                7765@00003a70: *00001f88 <= 00000000
                7780@00003a74: $31 <= 39ed0000
                7790@00003a78: $ 3 <= 00001e9a
                7795@00003a7c: *0000074c <= 00000000
                7810@00003a80: $31 <= 000021bf
                7820@00003a84: $ 2 <= 00000001
                7830@00003a88: $ 1 <= 00003a94
                7850@00003a8c: $31 <= 00003a94
                7880@00003a98: $ 2 <= 00000001
                7890@00003a9c: $ 1 <= 00000001
                7900@00003aa0: $ 1 <= 00003a95
                7930@00003ab0: $ 3 <= 00000000
                7940@00003ab4: $ 3 <= 00003a95
                7950@00003ab8: $ 3 <= 00000001
                7960@00003abc: $ 3 <= 00001014
                7970@00003ac0: $ 2 <= 00001015
                7980@00003ac4: $ 2 <= 921f0000
                7990@00003ac8: $ 1 <= 00000000
# run 1.00us
                8010@00003ad0: $ 1 <= 00000001
                8020@00003ad4: $ 1 <= 00001013
                8030@00003ad8: $ 2 <= 000070b6
                8040@00003adc: $31 <= 00000000
                8080@00003aec: $ 1 <= 00000000
                8090@00003af0: $31 <= 000070b6
                8100@00003af4: $31 <= 00000000
                8110@00003af8: $31 <= 00000000
                8120@00003afc: $ 3 <= 00000000
                8130@00003b00: $ 2 <= 00000000
                8140@00003b04: $ 1 <= 00000000
                8160@00003b0c: $ 2 <= 00000000
                8170@00003b10: $ 3 <= 0000cf47
                8180@00003b14: $ 2 <= 00000000
                8250@00003b24: $ 3 <= ffff84c0
                8260@00003b28: $ 1 <= 00000000
                8270@00003b2c: $ 3 <= 0000572b
                8280@00003b30: $ 1 <= 00000000
                8290@00003b34: $31 <= 00000000
                8300@00003b38: $ 1 <= 00000000
                8320@00003b40: $ 1 <= 00003b4c
                8390@00003b58: $ 1 <= 00000005
                8400@00003b5c: $ 3 <= 00000000
                8410@00003b60: $31 <= 00000001
                8420@00003b64: $ 1 <= 00003b70
                8440@00003b68: $31 <= 00003b70
                8470@00003b74: $ 2 <= 00000000
                8480@00003b78: $ 1 <= 00000055
                8500@00003b7c: $ 2 <= 00000000
                8510@00003b80: $ 3 <= 12910000
                8520@00003b84: $ 2 <= 00003b90
                8560@00003b90: $ 1 <= 00003bc5
                8570@00003b94: $31 <= 00000001
                8580@00003b98: $ 2 <= 00001dc8
                8600@00003ba0: $ 2 <= 00004000
                8610@00003ba4: $31 <= 00003158
                8620@00003ba8: $ 3 <= 00002059
                8625@00003bac: *00001b4c <= 00002059
                8635@00003bb0: *000009f8 <= 00003158
                8720@00003bb8: $ 3 <= 00000001
                8730@00003bbc: $ 2 <= 00000001
                8740@00003bc0: $ 1 <= 00005579
                8750@00003bc4: $31 <= 000062b0
                8770@00003bcc: $ 2 <= 00000025
                8790@00003bd0: $ 3 <= 00000000
                8800@00003bd4: $ 2 <= 00000001
                8810@00003bd8: $ 3 <= 00000001
                8820@00003bdc: $ 3 <= 00001bed
                8830@00003be0: $ 2 <= 00000001
                8840@00003be4: $31 <= da000000
                8850@00003be8: $31 <= da001bed
                8860@00003bec: $ 1 <= 00000001
                8870@00003bf0: $ 2 <= da001bee
                8880@00003bf4: $ 2 <= 000035bf
                8890@00003bf8: $ 3 <= 7ba580ee
                8900@00003bfc: $ 2 <= 00000002
                8920@00003c04: $ 1 <= 00000001
                8930@00003c08: $31 <= 00001fe2
                8940@00003c0c: $31 <= 00000006
                8950@00003c10: $ 3 <= 00003c1c
                8990@00003c1c: $31 <= 7ba580ee
# run 1.00us
                9020@00003c28: $ 1 <= fffffbde
                9030@00003c2c: $ 1 <= 00000000
                9040@00003c30: $ 1 <= 7ba580ee
                9080@00003c40: $ 2 <= 845a7f11
                9090@00003c44: $ 1 <= 00002584
                9100@00003c48: $31 <= 00000000
                9110@00003c4c: $ 3 <= 0000b7ff
                9120@00003c50: $ 1 <= 00000001
                9130@00003c54: $ 3 <= 00000001
                9140@00003c58: $ 3 <= 00020000
                9170@00003c68: $31 <= 00000001
                9180@00003c6c: $31 <= 00000000
                9230@00003c84: $ 1 <= 00000002
                9270@00003c94: $ 3 <= 00003aa5
                9280@00003c98: $ 2 <= 00003537
                9290@00003c9c: $ 2 <= 00000652
                9300@00003ca0: $ 3 <= 00000000
                9310@00003ca4: $31 <= 00000065
                9320@00003ca8: $31 <= 00003cb4
                9340@00003cac: $ 3 <= 00003cb4
                9360@00003cb4: $ 2 <= 00000000
                9370@00003cb8: $ 2 <= cb400000
                9380@00003cbc: $ 2 <= 00003cc8
                9420@00003cc8: $ 2 <= 000000ee
                9450@00003cd0: $31 <= 00000000
                9530@00003cf0: $31 <= ffffffeb
                9570@00003cf8: $31 <= 00000000
                9580@00003cfc: $31 <= 00000000
                9650@00003d08: $31 <= 94740000
                9680@00003d18: $ 3 <= ffffffcd
                9690@00003d1c: $31 <= 00006035
                9695@00003d20: *00000810 <= 00000002
                9710@00003d24: $ 1 <= 00000652
                9730@00003d2c: $ 3 <= 00007799
                9740@00003d30: $ 3 <= 7ba580ee
                9750@00003d34: $31 <= 00000002
                9800@00003d3c: $ 2 <= 00001ee9
                9810@00003d40: $ 1 <= 000ca400
                9910@00003d5c: $ 1 <= 000000ee
# run 1.00us
# run 1.00us
# run 1.00us
