ISim log file
Running: E:\ISEproject\P6CPU4\test1_isim_beh.exe -intstyle ise -gui -tclbatch isim.cmd -wdb E:/ISEproject/P6CPU4/test1_isim_beh.wdb 
ISim P.20131013 (signature 0x7708f090)
----------------------------------------------------------------------
WARNING:Security:42 - Your software subscription period has lapsed. Your current version of Xilinx tools will continue to function, but you no longer qualify for Xilinx software updates or new releases.


----------------------------------------------------------------------
This is a Full version of ISim.
Time resolution is 1 ps
# onerror resume
# wave add /
# run 1000 ns
Simulator is doing circuit initialization process.
Finished circuit initialization process.
                  50@00003000: $ 4 <= 87650000
                  60@00003004: $ 4 <= 87650065
                  70@00003008: $ 3 <= 00008700
                  80@0000300c: $ 4 <= 87658765
                  90@00003010: $ 5 <= 3b2c3b28
                 100@00003014: $ 6 <= 10ecb0ec
                 110@00003018: $ 7 <= f0ecb0ec
                 115@0000301c:*00000000<=87658765
                 130@00003020: $14 <= 87658765
                 140@00003024: $ 3 <= 00000003
                 150@00003028: $14 <= 87658765
                 160@0000302c: $ 8 <= 3b2c3b28
                 170@00003030: $ 9 <= 10ecb0ec
                 180@00003034: $10 <= f0ecb0ec
                 190@00003038: $15 <= 12340000
                 200@0000303c: $15 <= 12341234
                 210@00003040: $20 <= 02240224
                 220@00003044: $21 <= 97759775
                 230@00003048: $22 <= 95519551
                 240@0000304c: $23 <= 688a688a
                 250@00003050: $ 1 <= 00001234
                 260@00003054: $ 2 <= 00005678
                 270@00003058: $ 1 <= 00000220
                 280@0000305c: $ 2 <= 0000d11d
                 290@00003060: $ 1 <= 00000008
                 300@00003064: $ 1 <= fffffff8
                 310@00003068: $ 2 <= 00000001
                 320@0000306c: $ 3 <= 00000001
                 330@00003070: $ 4 <= 00000001
                 340@00003074: $ 5 <= 00000000
                 350@00003078: $ 6 <= 00000000
                 360@0000307c: $ 1 <= 81820000
                 370@00003080: $ 1 <= 81828384
                 375@00003084:*00000000<=81828384
                 390@00003088: $ 2 <= ffff8384
                 400@0000308c: $ 2 <= ffff8182
                 410@00003090: $ 2 <= 00008384
                 420@00003094: $ 2 <= 00008182
                 430@00003098: $ 2 <= ffffff84
                 440@0000309c: $ 2 <= ffffff83
                 450@000030a0: $ 2 <= ffffff82
                 460@000030a4: $ 2 <= ffffff81
                 470@000030a8: $ 2 <= 00000084
                 480@000030ac: $ 2 <= 00000083
                 490@000030b0: $ 2 <= 00000082
                 500@000030b4: $ 2 <= 00000081
                 505@000030b8:*00000000<=00000000
                 515@000030bc:*00000000<=00000084
                 525@000030c0:*00000000<=00008484
                 535@000030c4:*00000000<=00848484
                 545@000030c8:*00000000<=84848484
                 555@000030cc:*00000000<=00000000
                 565@000030d0:*00000000<=00008384
                 575@000030d4:*00000000<=83848384
                 590@000030d8: $ 1 <= 00000004
                 600@000030dc: $ 2 <= 00000003
                 610@000030e0: $ 3 <= fffffffd
                 700@000030ec: $ 4 <= ffffffff
                 710@000030f0: $ 4 <= fffffff7
                 850@000030fc: $ 4 <= 00000001
                 860@00003100: $ 4 <= ffffffff
                 870@00003104: $ 1 <= 00003118
                 890@00003108: $ 2 <= 00003110
                 900@0000310c: $10 <= 00000001
                 910@00003118: $13 <= 00000001
                 920@0000311c: $14 <= 00000001
                 930@00003120: $15 <= 00000001
                 940@00003124: $16 <= 00000001
                 945@00003128:*00000000<=00000001
